modules/vpn-module/android/build/intermediates/manifest_merge_blame_file/debug/processDebugManifest/manifest-merger-blame-debug-report.txt
1<?xml version="1.0" encoding="utf-8"?>
2<manifest xmlns:android="http://schemas.android.com/apk/res/android"
3    xmlns:tools="http://schemas.android.com/tools"
4    package="com.kuzavpn.vpnmodule" >
5
6    <uses-sdk android:minSdkVersion="21" />
7
8    <!-- VPN permissions -->
9    <uses-permission android:name="android.permission.BIND_VPN_SERVICE" />
9-->src\main\AndroidManifest.xml:7:5-75
9-->src\main\AndroidManifest.xml:7:22-72
10    <uses-permission android:name="android.permission.INTERNET" />
10-->src\main\AndroidManifest.xml:8:5-67
10-->src\main\AndroidManifest.xml:8:22-64
11    <uses-permission android:name="android.permission.ACCESS_NETWORK_STATE" />
11-->src\main\AndroidManifest.xml:9:5-79
11-->src\main\AndroidManifest.xml:9:22-76
12    <uses-permission android:name="android.permission.ACCESS_WIFI_STATE" />
12-->src\main\AndroidManifest.xml:10:5-76
12-->src\main\AndroidManifest.xml:10:22-73
13    <uses-permission android:name="android.permission.CHANGE_WIFI_STATE" />
13-->src\main\AndroidManifest.xml:11:5-76
13-->src\main\AndroidManifest.xml:11:22-73
14    <uses-permission android:name="android.permission.FOREGROUND_SERVICE" />
14-->src\main\AndroidManifest.xml:12:5-77
14-->src\main\AndroidManifest.xml:12:22-74
15    <uses-permission android:name="android.permission.POST_NOTIFICATIONS" />
15-->src\main\AndroidManifest.xml:13:5-77
15-->src\main\AndroidManifest.xml:13:22-74
16
17    <!-- App enumeration permissions -->
18    <uses-permission
18-->src\main\AndroidManifest.xml:16:5-17:53
19        android:name="android.permission.QUERY_ALL_PACKAGES"
19-->src\main\AndroidManifest.xml:16:22-74
20        tools:ignore="QueryAllPackagesPermission" />
20-->src\main\AndroidManifest.xml:17:9-50
21
22    <!-- Storage permissions for configuration -->
23    <uses-permission android:name="android.permission.READ_EXTERNAL_STORAGE" />
23-->src\main\AndroidManifest.xml:20:5-80
23-->src\main\AndroidManifest.xml:20:22-77
24    <uses-permission android:name="android.permission.WRITE_EXTERNAL_STORAGE" />
24-->src\main\AndroidManifest.xml:21:5-81
24-->src\main\AndroidManifest.xml:21:22-78
25
26    <application>
26-->src\main\AndroidManifest.xml:23:5-44:19
27
28        <!-- VPN Service -->
29        <service
29-->src\main\AndroidManifest.xml:25:9-33:19
30            android:name="com.kuzavpn.vpnmodule.KuzaVpnService"
30-->src\main\AndroidManifest.xml:26:13-43
31            android:exported="true"
31-->src\main\AndroidManifest.xml:27:13-36
32            android:foregroundServiceType="dataSync"
32-->src\main\AndroidManifest.xml:29:13-53
33            android:permission="android.permission.BIND_VPN_SERVICE" >
33-->src\main\AndroidManifest.xml:28:13-69
34            <intent-filter>
34-->src\main\AndroidManifest.xml:30:13-32:29
35                <action android:name="android.net.VpnService" />
35-->src\main\AndroidManifest.xml:31:17-65
35-->src\main\AndroidManifest.xml:31:25-62
36            </intent-filter>
37        </service>
38
39        <!-- Notification channel for VPN status -->
40        <meta-data
40-->src\main\AndroidManifest.xml:36:9-38:48
41            android:name="com.kuzavpn.notification.channel"
41-->src\main\AndroidManifest.xml:37:13-60
42            android:value="kuza_vpn_channel" />
42-->src\main\AndroidManifest.xml:38:13-45
43
44        <!-- WireGuard backend configuration -->
45        <meta-data
45-->src\main\AndroidManifest.xml:41:9-43:38
46            android:name="com.wireguard.config.backend"
46-->src\main\AndroidManifest.xml:42:13-56
47            android:value="kernel" />
47-->src\main\AndroidManifest.xml:43:13-35
48    </application>
49
50</manifest>